C:\Users\thekoalaz\Documents\Visual Studio 2010\Projects\Fluid\Fluid\x64\Debug\cl.command.1.tlog
C:\Users\thekoalaz\Documents\Visual Studio 2010\Projects\Fluid\Fluid\x64\Debug\CL.read.1.tlog
C:\Users\thekoalaz\Documents\Visual Studio 2010\Projects\Fluid\Fluid\x64\Debug\CL.write.1.tlog
C:\Users\thekoalaz\Documents\Visual Studio 2010\Projects\Fluid\Fluid\x64\Debug\Fluid.exe.embed.manifest
C:\USERS\THEKOALAZ\DOCUMENTS\VISUAL STUDIO 2010\PROJECTS\FLUID\FLUID\X64\DEBUG\FLUID.EXE.EMBED.MANIFEST.RES
C:\Users\thekoalaz\Documents\Visual Studio 2010\Projects\Fluid\Fluid\x64\Debug\Fluid.exe.intermediate.manifest
C:\USERS\THEKOALAZ\DOCUMENTS\VISUAL STUDIO 2010\PROJECTS\FLUID\FLUID\X64\DEBUG\FLUID.OBJ
C:\USERS\THEKOALAZ\DOCUMENTS\VISUAL STUDIO 2010\PROJECTS\FLUID\FLUID\X64\DEBUG\FLUID.PCH
C:\Users\thekoalaz\Documents\Visual Studio 2010\Projects\Fluid\Fluid\x64\Debug\Fluid_manifest.rc
C:\USERS\THEKOALAZ\DOCUMENTS\VISUAL STUDIO 2010\PROJECTS\FLUID\FLUID\X64\DEBUG\FLUIDGRID.OBJ
C:\USERS\THEKOALAZ\DOCUMENTS\VISUAL STUDIO 2010\PROJECTS\FLUID\FLUID\X64\DEBUG\GLUTDRAW.OBJ
C:\USERS\THEKOALAZ\DOCUMENTS\VISUAL STUDIO 2010\PROJECTS\FLUID\FLUID\X64\DEBUG\GLUTUI.OBJ
C:\Users\thekoalaz\Documents\Visual Studio 2010\Projects\Fluid\Fluid\x64\Debug\link.command.1.tlog
C:\Users\thekoalaz\Documents\Visual Studio 2010\Projects\Fluid\Fluid\x64\Debug\link.read.1.tlog
C:\Users\thekoalaz\Documents\Visual Studio 2010\Projects\Fluid\Fluid\x64\Debug\link.write.1.tlog
C:\Users\thekoalaz\Documents\Visual Studio 2010\Projects\Fluid\Fluid\x64\Debug\link-cvtres.read.1.tlog
C:\Users\thekoalaz\Documents\Visual Studio 2010\Projects\Fluid\Fluid\x64\Debug\link-cvtres.write.1.tlog
C:\Users\thekoalaz\Documents\Visual Studio 2010\Projects\Fluid\Fluid\x64\Debug\rc.command.1.tlog
C:\Users\thekoalaz\Documents\Visual Studio 2010\Projects\Fluid\Fluid\x64\Debug\rc.read.1.tlog
C:\Users\thekoalaz\Documents\Visual Studio 2010\Projects\Fluid\Fluid\x64\Debug\rc.write.1.tlog
C:\USERS\THEKOALAZ\DOCUMENTS\VISUAL STUDIO 2010\PROJECTS\FLUID\FLUID\X64\DEBUG\SCENE.OBJ
C:\USERS\THEKOALAZ\DOCUMENTS\VISUAL STUDIO 2010\PROJECTS\FLUID\FLUID\X64\DEBUG\STDAFX.OBJ
C:\Users\thekoalaz\Documents\Visual Studio 2010\Projects\Fluid\Fluid\x64\Debug\vc100.idb
C:\USERS\THEKOALAZ\DOCUMENTS\VISUAL STUDIO 2010\PROJECTS\FLUID\FLUID\X64\DEBUG\VC100.PDB
C:\Users\thekoalaz\Documents\Visual Studio 2010\Projects\Fluid\x64\Debug\Fluid.pdb
