Build started 8/22/2011 1:26:35 AM.
     1>Project "C:\Users\thekoalaz\Documents\Visual Studio 2010\Projects\Fluid\Fluid\Fluid.vcxproj" on node 2 (build target(s)).
     1>InitializeBuildStatus:
         Creating "x64\Debug\Fluid.unsuccessfulbuild" because "AlwaysCreate" was specified.
       ClCompile:
         All outputs are up-to-date.
         C:\Program Files (x86)\Microsoft Visual Studio 10.0\VC\bin\x86_amd64\CL.exe /c /Zi /nologo /W3 /WX- /Od /D WIN32 /D _DEBUG /D _CONSOLE /D _UNICODE /D UNICODE /Gm /EHsc /RTC1 /MDd /GS /fp:precise /Zc:wchar_t /Zc:forScope /Fo"x64\Debug\\" /Fd"x64\Debug\vc100.pdb" /Gd /TP /errorReport:prompt GlutUI.cpp
         GlutUI.cpp
     1>GlutUI.cpp(146): warning C4244: 'argument' : conversion from 'const double' to 'GLfloat', possible loss of data
     1>GlutUI.cpp(147): warning C4244: 'argument' : conversion from 'const double' to 'GLfloat', possible loss of data
     1>GlutUI.cpp(147): warning C4244: 'argument' : conversion from 'double' to 'GLfloat', possible loss of data
     1>GlutUI.cpp(148): warning C4244: 'argument' : conversion from 'const double' to 'GLfloat', possible loss of data
     1>GlutUI.cpp(149): warning C4244: 'argument' : conversion from 'const double' to 'GLfloat', possible loss of data
     1>GlutUI.cpp(156): warning C4244: 'argument' : conversion from 'int' to 'GLfloat', possible loss of data
     1>GlutUI.cpp(157): warning C4244: 'argument' : conversion from 'int' to 'GLfloat', possible loss of data
     1>GlutUI.cpp(159): warning C4244: 'argument' : conversion from 'int' to 'GLfloat', possible loss of data
     1>GlutUI.cpp(160): warning C4244: 'argument' : conversion from 'int' to 'GLfloat', possible loss of data
         All outputs are up-to-date.
         All outputs are up-to-date.
       ManifestResourceCompile:
         All outputs are up-to-date.
       Link:
         C:\Program Files (x86)\Microsoft Visual Studio 10.0\VC\bin\x86_amd64\link.exe /ERRORREPORT:PROMPT /OUT:"C:\Users\thekoalaz\Documents\Visual Studio 2010\Projects\Fluid\x64\Debug\Fluid.exe" /INCREMENTAL /NOLOGO freeglut.lib opengl32.lib glu32.lib kernel32.lib user32.lib gdi32.lib winspool.lib comdlg32.lib advapi32.lib shell32.lib ole32.lib oleaut32.lib uuid.lib odbc32.lib odbccp32.lib kernel32.lib user32.lib gdi32.lib winspool.lib comdlg32.lib advapi32.lib shell32.lib ole32.lib oleaut32.lib uuid.lib odbc32.lib odbccp32.lib /MANIFEST /ManifestFile:"x64\Debug\Fluid.exe.intermediate.manifest" /MANIFESTUAC:"level='asInvoker' uiAccess='false'" /DEBUG /PDB:"C:\Users\thekoalaz\Documents\Visual Studio 2010\Projects\Fluid\x64\Debug\Fluid.pdb" /TLBID:1 /DYNAMICBASE /NXCOMPAT /IMPLIB:"C:\Users\thekoalaz\Documents\Visual Studio 2010\Projects\Fluid\x64\Debug\Fluid.lib" /MACHINE:X64 x64\Debug\Fluid.exe.embed.manifest.res
         x64\Debug\GlutUI.obj
         x64\Debug\Fluid.obj
         x64\Debug\scene.obj
         x64\Debug\stdafx.obj
         Fluid.vcxproj -> C:\Users\thekoalaz\Documents\Visual Studio 2010\Projects\Fluid\x64\Debug\Fluid.exe
       Manifest:
         C:\Program Files (x86)\Microsoft SDKs\Windows\v7.0A\bin\mt.exe /nologo /verbose /out:"x64\Debug\Fluid.exe.embed.manifest" /manifest x64\Debug\Fluid.exe.intermediate.manifest
         All outputs are up-to-date.
       LinkEmbedManifest:
         All outputs are up-to-date.
         Fluid.vcxproj -> C:\Users\thekoalaz\Documents\Visual Studio 2010\Projects\Fluid\x64\Debug\Fluid.exe
       FinalizeBuildStatus:
         Deleting file "x64\Debug\Fluid.unsuccessfulbuild".
         Touching "x64\Debug\Fluid.lastbuildstate".
     1>Done Building Project "C:\Users\thekoalaz\Documents\Visual Studio 2010\Projects\Fluid\Fluid\Fluid.vcxproj" (build target(s)).

Build succeeded.

Time Elapsed 00:00:00.99
